#-----------------------------------------------------------
# Vivado v2020.2 (64-bit)
# SW Build 3064766 on Wed Nov 18 09:12:45 MST 2020
# IP Build 3064653 on Wed Nov 18 14:17:31 MST 2020
# Start of session at: Sun Oct 29 10:59:59 2023
# Process ID: 348
# Current directory: C:/Users/aa409t/Desktop/Multiplier/N-bit-Full-Adder/FullAdder
# Command line: vivado.exe -gui_launcher_event rodinguilauncherevent10016 C:\Users\aa409t\Desktop\Multiplier\N-bit-Full-Adder\FullAdder\project_1.xpr
# Log file: C:/Users/aa409t/Desktop/Multiplier/N-bit-Full-Adder/FullAdder/vivado.log
# Journal file: C:/Users/aa409t/Desktop/Multiplier/N-bit-Full-Adder/FullAdder\vivado.jou
#-----------------------------------------------------------
start_gui
open_project C:/Users/aa409t/Desktop/Multiplier/N-bit-Full-Adder/FullAdder/project_1.xpr
INFO: [Project 1-313] Project file moved from 'C:/Users/aa409t/Desktop/Recap-VHDL/FullAdder' since last save.
WARNING: [filemgmt 56-2] IP Output Repository Path: Could not find the directory 'C:/Users/aa409t/Desktop/Multiplier/N-bit-Full-Adder/FullAdder/project_1/project_1.cache/ip', nor could it be found using path 'C:/Users/aa409t/Desktop/Recap-VHDL/FullAdder/project_1/project_1.cache/ip'.
WARNING: [filemgmt 56-2] Default IP Output Path : Could not find the directory 'C:/Users/aa409t/Desktop/Multiplier/N-bit-Full-Adder/FullAdder/project_1.gen/sources_1', nor could it be found using path 'C:/Users/aa409t/Desktop/Recap-VHDL/FullAdder/project_1.gen/sources_1'.
Scanning sources...
Finished scanning sources
INFO: [IP_Flow 19-234] Refreshing IP repositories
INFO: [IP_Flow 19-1704] No user IP repositories specified
INFO: [IP_Flow 19-2313] Loaded Vivado IP repository 'C:/Xilinx/Vivado/2020.2/data/ip'.
exit
INFO: [Common 17-206] Exiting Vivado at Sun Oct 29 11:10:42 2023...
